0 info it worked if it ends with ok
1 verbose cli [ 'C:\\Program Files (x86)\\nodejs\\node.exe',
1 verbose cli   'C:\\Users\\maxence\\AppData\\Roaming\\npm\\node_modules\\npm\\bin\\npm-cli.js',
1 verbose cli   'install' ]
2 info using npm@3.7.1
3 info using node@v4.2.6
4 silly loadCurrentTree Starting
5 silly install loadCurrentTree
6 silly install readLocalPackageData
7 silly install normalizeTree
8 silly loadCurrentTree Finishing
9 silly loadIdealTree Starting
10 silly install loadIdealTree
11 silly cloneCurrentTree Starting
12 silly install cloneCurrentTreeToIdealTree
13 silly cloneCurrentTree Finishing
14 silly loadShrinkwrap Starting
15 silly install loadShrinkwrap
16 silly loadShrinkwrap Finishing
17 silly loadAllDepsIntoIdealTree Starting
18 silly install loadAllDepsIntoIdealTree
19 silly fetchNamedPackageData process-nextick-args
20 silly mapToRegistry name process-nextick-args
21 silly mapToRegistry using default registry
22 silly mapToRegistry registry https://registry.npmjs.org/
23 silly mapToRegistry uri https://registry.npmjs.org/process-nextick-args
24 verbose request uri https://registry.npmjs.org/process-nextick-args
25 verbose request no auth needed
26 info attempt registry request try #1 at 12:11:58 PM
27 verbose request id 7038d0d315bec1e1
28 verbose etag "5AJOT6HL2QR1J143EYQLHDSVU"
29 http request GET https://registry.npmjs.org/process-nextick-args
30 http 304 https://registry.npmjs.org/process-nextick-args
31 verbose headers { date: 'Tue, 19 Apr 2016 10:11:58 GMT',
31 verbose headers   via: '1.1 varnish',
31 verbose headers   'cache-control': 'max-age=300',
31 verbose headers   etag: '"5AJOT6HL2QR1J143EYQLHDSVU"',
31 verbose headers   age: '218',
31 verbose headers   connection: 'keep-alive',
31 verbose headers   'x-served-by': 'cache-ams4136-AMS',
31 verbose headers   'x-cache': 'HIT',
31 verbose headers   'x-cache-hits': '25',
31 verbose headers   'x-timer': 'S1461060718.919011,VS0,VE0',
31 verbose headers   vary: 'Accept-Encoding' }
32 silly get cb [ 304,
32 silly get   { date: 'Tue, 19 Apr 2016 10:11:58 GMT',
32 silly get     via: '1.1 varnish',
32 silly get     'cache-control': 'max-age=300',
32 silly get     etag: '"5AJOT6HL2QR1J143EYQLHDSVU"',
32 silly get     age: '218',
32 silly get     connection: 'keep-alive',
32 silly get     'x-served-by': 'cache-ams4136-AMS',
32 silly get     'x-cache': 'HIT',
32 silly get     'x-cache-hits': '25',
32 silly get     'x-timer': 'S1461060718.919011,VS0,VE0',
32 silly get     vary: 'Accept-Encoding' } ]
33 verbose etag https://registry.npmjs.org/process-nextick-args from cache
34 verbose get saving process-nextick-args to C:\Users\maxence\AppData\Roaming\npm-cache\registry.npmjs.org\process-nextick-args\.cache.json
35 verbose correctMkdir C:\Users\maxence\AppData\Roaming\npm-cache correctMkdir not in flight; initializing
36 silly resolveWithNewModule process-nextick-args@1.0.6 checking installable status
37 silly cache add args [ 'process-nextick-args@~1.0.0', null ]
38 verbose cache add spec process-nextick-args@~1.0.0
39 silly cache add parsed spec Result {
39 silly cache add   raw: 'process-nextick-args@~1.0.0',
39 silly cache add   scope: null,
39 silly cache add   name: 'process-nextick-args',
39 silly cache add   rawSpec: '~1.0.0',
39 silly cache add   spec: '>=1.0.0 <1.1.0',
39 silly cache add   type: 'range' }
40 silly addNamed process-nextick-args@>=1.0.0 <1.1.0
41 verbose addNamed ">=1.0.0 <1.1.0" is a valid semver range for process-nextick-args
42 silly addNameRange { name: 'process-nextick-args',
42 silly addNameRange   range: '>=1.0.0 <1.1.0',
42 silly addNameRange   hasData: false }
43 silly mapToRegistry name process-nextick-args
44 silly mapToRegistry using default registry
45 silly mapToRegistry registry https://registry.npmjs.org/
46 silly mapToRegistry uri https://registry.npmjs.org/process-nextick-args
47 verbose addNameRange registry:https://registry.npmjs.org/process-nextick-args not in flight; fetching
48 verbose get https://registry.npmjs.org/process-nextick-args not expired, no request
49 silly addNameRange number 2 { name: 'process-nextick-args',
49 silly addNameRange   range: '>=1.0.0 <1.1.0',
49 silly addNameRange   hasData: true }
50 silly addNameRange versions [ 'process-nextick-args',
50 silly addNameRange   [ '1.0.0', '1.0.1', '1.0.2', '1.0.3', '1.0.4', '1.0.5', '1.0.6' ] ]
51 silly addNamed process-nextick-args@1.0.6
52 verbose addNamed "1.0.6" is a plain semver version for process-nextick-args
53 silly cache afterAdd process-nextick-args@1.0.6
54 verbose afterAdd C:\Users\maxence\AppData\Roaming\npm-cache\process-nextick-args\1.0.6\package\package.json not in flight; writing
55 verbose correctMkdir C:\Users\maxence\AppData\Roaming\npm-cache correctMkdir not in flight; initializing
56 verbose afterAdd C:\Users\maxence\AppData\Roaming\npm-cache\process-nextick-args\1.0.6\package\package.json written
57 silly loadAllDepsIntoIdealTree Finishing
58 silly idealTree:prePrune appclient_ShareAbike@0.5.8
58 silly idealTree:prePrune +-- angular-google-maps@2.2.1
58 silly idealTree:prePrune | `-- angular-simple-logger@0.0.4
58 silly idealTree:prePrune +-- angular-route@1.4.8
58 silly idealTree:prePrune +-- angular@1.4.8
58 silly idealTree:prePrune +-- async@1.5.0
58 silly idealTree:prePrune +-- body-parser@1.14.2
58 silly idealTree:prePrune | +-- bytes@2.2.0
58 silly idealTree:prePrune | +-- content-type@1.0.1
58 silly idealTree:prePrune | +-- debug@2.2.0
58 silly idealTree:prePrune | | `-- ms@0.7.1
58 silly idealTree:prePrune | +-- depd@1.1.0
58 silly idealTree:prePrune | +-- http-errors@1.3.1
58 silly idealTree:prePrune | | `-- statuses@1.2.1
58 silly idealTree:prePrune | +-- iconv-lite@0.4.13
58 silly idealTree:prePrune | +-- on-finished@2.3.0
58 silly idealTree:prePrune | | `-- ee-first@1.1.1
58 silly idealTree:prePrune | +-- qs@5.2.0
58 silly idealTree:prePrune | +-- raw-body@2.1.5
58 silly idealTree:prePrune | | `-- unpipe@1.0.0
58 silly idealTree:prePrune | `-- type-is@1.6.10
58 silly idealTree:prePrune |   +-- media-typer@0.3.0
58 silly idealTree:prePrune |   `-- mime-types@2.1.8
58 silly idealTree:prePrune |     `-- mime-db@1.20.0
58 silly idealTree:prePrune +-- bower@1.7.1
58 silly idealTree:prePrune | +-- abbrev@1.0.7
58 silly idealTree:prePrune | +-- archy@1.0.0
58 silly idealTree:prePrune | +-- bower-config@1.3.0
58 silly idealTree:prePrune | | +-- graceful-fs@4.1.2
58 silly idealTree:prePrune | | +-- optimist@0.6.1
58 silly idealTree:prePrune | | | +-- minimist@0.0.10
58 silly idealTree:prePrune | | | `-- wordwrap@0.0.3
58 silly idealTree:prePrune | | +-- osenv@0.1.3
58 silly idealTree:prePrune | | | +-- os-homedir@1.0.1
58 silly idealTree:prePrune | | | `-- os-tmpdir@1.0.1
58 silly idealTree:prePrune | | `-- untildify@2.1.0
58 silly idealTree:prePrune | |   `-- os-homedir@1.0.1
58 silly idealTree:prePrune | +-- bower-endpoint-parser@0.2.2
58 silly idealTree:prePrune | +-- bower-json@0.4.0
58 silly idealTree:prePrune | | +-- deep-extend@0.2.11
58 silly idealTree:prePrune | | +-- graceful-fs@2.0.3
58 silly idealTree:prePrune | | `-- intersect@0.0.3
58 silly idealTree:prePrune | +-- bower-logger@0.2.2
58 silly idealTree:prePrune | +-- bower-registry-client@1.0.0
58 silly idealTree:prePrune | | +-- async@0.2.10
58 silly idealTree:prePrune | | +-- graceful-fs@4.1.2
58 silly idealTree:prePrune | | +-- mkdirp@0.3.5
58 silly idealTree:prePrune | | `-- request-replay@0.2.0
58 silly idealTree:prePrune | +-- cardinal@0.4.4
58 silly idealTree:prePrune | | +-- ansicolors@0.2.1
58 silly idealTree:prePrune | | `-- redeyed@0.4.4
58 silly idealTree:prePrune | |   `-- esprima@1.0.4
58 silly idealTree:prePrune | +-- chalk@1.1.1
58 silly idealTree:prePrune | | +-- ansi-styles@2.1.0
58 silly idealTree:prePrune | | +-- escape-string-regexp@1.0.3
58 silly idealTree:prePrune | | +-- has-ansi@2.0.0
58 silly idealTree:prePrune | | | `-- ansi-regex@2.0.0
58 silly idealTree:prePrune | | +-- strip-ansi@3.0.0
58 silly idealTree:prePrune | | | `-- ansi-regex@2.0.0
58 silly idealTree:prePrune | | `-- supports-color@2.0.0
58 silly idealTree:prePrune | +-- chmodr@1.0.2
58 silly idealTree:prePrune | +-- configstore@0.3.2
58 silly idealTree:prePrune | | +-- js-yaml@3.4.6
58 silly idealTree:prePrune | | | +-- argparse@1.0.3
58 silly idealTree:prePrune | | | | +-- lodash@3.10.1
58 silly idealTree:prePrune | | | | `-- sprintf-js@1.0.3
58 silly idealTree:prePrune | | | +-- esprima@2.7.1
58 silly idealTree:prePrune | | | `-- inherit@2.2.2
58 silly idealTree:prePrune | | +-- object-assign@2.1.1
58 silly idealTree:prePrune | | +-- osenv@0.1.3
58 silly idealTree:prePrune | | | +-- os-homedir@1.0.1
58 silly idealTree:prePrune | | | `-- os-tmpdir@1.0.1
58 silly idealTree:prePrune | | +-- uuid@2.0.1
58 silly idealTree:prePrune | | `-- xdg-basedir@1.0.1
58 silly idealTree:prePrune | +-- decompress-zip@0.1.0
58 silly idealTree:prePrune | | +-- binary@0.3.0
58 silly idealTree:prePrune | | | +-- buffers@0.1.1
58 silly idealTree:prePrune | | | `-- chainsaw@0.1.0
58 silly idealTree:prePrune | | |   `-- traverse@0.3.9
58 silly idealTree:prePrune | | +-- mkpath@0.1.0
58 silly idealTree:prePrune | | +-- readable-stream@1.1.13
58 silly idealTree:prePrune | | | +-- core-util-is@1.0.2
58 silly idealTree:prePrune | | | +-- inherits@2.0.1
58 silly idealTree:prePrune | | | +-- isarray@0.0.1
58 silly idealTree:prePrune | | | `-- string_decoder@0.10.31
58 silly idealTree:prePrune | | `-- touch@0.0.3
58 silly idealTree:prePrune | |   `-- nopt@1.0.10
58 silly idealTree:prePrune | +-- destroy@1.0.3
58 silly idealTree:prePrune | +-- fs-write-stream-atomic@1.0.7
58 silly idealTree:prePrune | | +-- graceful-fs@4.1.2
58 silly idealTree:prePrune | | +-- iferr@0.1.5
58 silly idealTree:prePrune | | +-- imurmurhash@0.1.4
58 silly idealTree:prePrune | | `-- readable-stream@2.0.4
58 silly idealTree:prePrune | |   +-- core-util-is@1.0.2
58 silly idealTree:prePrune | |   +-- inherits@2.0.1
58 silly idealTree:prePrune | |   +-- isarray@0.0.1
58 silly idealTree:prePrune | |   +-- process-nextick-args@1.0.6
58 silly idealTree:prePrune | |   +-- string_decoder@0.10.31
58 silly idealTree:prePrune | |   `-- util-deprecate@1.0.2
58 silly idealTree:prePrune | +-- fstream-ignore@1.0.3
58 silly idealTree:prePrune | | +-- inherits@2.0.1
58 silly idealTree:prePrune | | `-- minimatch@3.0.0
58 silly idealTree:prePrune | |   `-- brace-expansion@1.1.2
58 silly idealTree:prePrune | |     +-- balanced-match@0.3.0
58 silly idealTree:prePrune | |     `-- concat-map@0.0.1
58 silly idealTree:prePrune | +-- fstream@1.0.8
58 silly idealTree:prePrune | | +-- graceful-fs@4.1.2
58 silly idealTree:prePrune | | `-- inherits@2.0.1
58 silly idealTree:prePrune | +-- github@0.2.4
58 silly idealTree:prePrune | | `-- mime@1.3.4
58 silly idealTree:prePrune | +-- glob@4.5.3
58 silly idealTree:prePrune | | +-- inflight@1.0.4
58 silly idealTree:prePrune | | | `-- wrappy@1.0.1
58 silly idealTree:prePrune | | +-- inherits@2.0.1
58 silly idealTree:prePrune | | +-- minimatch@2.0.10
58 silly idealTree:prePrune | | | `-- brace-expansion@1.1.2
58 silly idealTree:prePrune | | |   +-- balanced-match@0.3.0
58 silly idealTree:prePrune | | |   `-- concat-map@0.0.1
58 silly idealTree:prePrune | | `-- once@1.3.3
58 silly idealTree:prePrune | |   `-- wrappy@1.0.1
58 silly idealTree:prePrune | +-- graceful-fs@3.0.8
58 silly idealTree:prePrune | +-- handlebars@2.0.0
58 silly idealTree:prePrune | | +-- optimist@0.3.7
58 silly idealTree:prePrune | | | `-- wordwrap@0.0.3
58 silly idealTree:prePrune | | `-- uglify-js@2.3.6
58 silly idealTree:prePrune | |   +-- async@0.2.10
58 silly idealTree:prePrune | |   `-- source-map@0.1.43
58 silly idealTree:prePrune | |     `-- amdefine@1.0.0
58 silly idealTree:prePrune | +-- inquirer@0.10.0
58 silly idealTree:prePrune | | +-- ansi-escapes@1.1.0
58 silly idealTree:prePrune | | +-- ansi-regex@2.0.0
58 silly idealTree:prePrune | | +-- cli-cursor@1.0.2
58 silly idealTree:prePrune | | | `-- restore-cursor@1.0.1
58 silly idealTree:prePrune | | |   +-- exit-hook@1.1.1
58 silly idealTree:prePrune | | |   `-- onetime@1.0.0
58 silly idealTree:prePrune | | +-- cli-width@1.1.0
58 silly idealTree:prePrune | | +-- figures@1.4.0
58 silly idealTree:prePrune | | +-- lodash@3.10.1
58 silly idealTree:prePrune | | +-- readline2@1.0.1
58 silly idealTree:prePrune | | | +-- code-point-at@1.0.0
58 silly idealTree:prePrune | | | | `-- number-is-nan@1.0.0
58 silly idealTree:prePrune | | | +-- is-fullwidth-code-point@1.0.0
58 silly idealTree:prePrune | | | | `-- number-is-nan@1.0.0
58 silly idealTree:prePrune | | | `-- mute-stream@0.0.5
58 silly idealTree:prePrune | | +-- run-async@0.1.0
58 silly idealTree:prePrune | | | `-- once@1.3.3
58 silly idealTree:prePrune | | |   `-- wrappy@1.0.1
58 silly idealTree:prePrune | | +-- rx-lite@3.1.2
58 silly idealTree:prePrune | | +-- strip-ansi@3.0.0
58 silly idealTree:prePrune | | `-- through@2.3.8
58 silly idealTree:prePrune | +-- insight@0.7.0
58 silly idealTree:prePrune | | +-- async@1.5.0
58 silly idealTree:prePrune | | +-- configstore@1.4.0
58 silly idealTree:prePrune | | | +-- graceful-fs@4.1.2
58 silly idealTree:prePrune | | | +-- os-tmpdir@1.0.1
58 silly idealTree:prePrune | | | +-- osenv@0.1.3
58 silly idealTree:prePrune | | | | `-- os-homedir@1.0.1
58 silly idealTree:prePrune | | | +-- uuid@2.0.1
58 silly idealTree:prePrune | | | +-- write-file-atomic@1.1.4
58 silly idealTree:prePrune | | | | +-- imurmurhash@0.1.4
58 silly idealTree:prePrune | | | | `-- slide@1.1.6
58 silly idealTree:prePrune | | | `-- xdg-basedir@2.0.0
58 silly idealTree:prePrune | | |   `-- os-homedir@1.0.1
58 silly idealTree:prePrune | | +-- lodash.debounce@3.1.1
58 silly idealTree:prePrune | | | `-- lodash._getnative@3.9.1
58 silly idealTree:prePrune | | +-- object-assign@4.0.1
58 silly idealTree:prePrune | | +-- os-name@1.0.3
58 silly idealTree:prePrune | | | +-- osx-release@1.1.0
58 silly idealTree:prePrune | | | | `-- minimist@1.2.0
58 silly idealTree:prePrune | | | `-- win-release@1.1.1
58 silly idealTree:prePrune | | |   `-- semver@5.1.0
58 silly idealTree:prePrune | | `-- tough-cookie@2.2.1
58 silly idealTree:prePrune | +-- is-root@1.0.0
58 silly idealTree:prePrune | +-- junk@1.0.2
58 silly idealTree:prePrune | +-- lockfile@1.0.1
58 silly idealTree:prePrune | +-- lru-cache@2.7.3
58 silly idealTree:prePrune | +-- md5-hex@1.1.0
58 silly idealTree:prePrune | | `-- md5-o-matic@0.1.1
58 silly idealTree:prePrune | +-- mkdirp@0.5.0
58 silly idealTree:prePrune | | `-- minimist@0.0.8
58 silly idealTree:prePrune | +-- mout@0.11.1
58 silly idealTree:prePrune | +-- nopt@3.0.6
58 silly idealTree:prePrune | +-- opn@1.0.2
58 silly idealTree:prePrune | +-- p-throttler@0.1.1
58 silly idealTree:prePrune | | `-- q@0.9.7
58 silly idealTree:prePrune | +-- promptly@0.2.0
58 silly idealTree:prePrune | | `-- read@1.0.7
58 silly idealTree:prePrune | |   `-- mute-stream@0.0.5
58 silly idealTree:prePrune | +-- q@1.4.1
58 silly idealTree:prePrune | +-- request-progress@0.3.1
58 silly idealTree:prePrune | | `-- throttleit@0.0.2
58 silly idealTree:prePrune | +-- request@2.53.0
58 silly idealTree:prePrune | | +-- aws-sign2@0.5.0
58 silly idealTree:prePrune | | +-- bl@0.9.4
58 silly idealTree:prePrune | | | `-- readable-stream@1.0.33
58 silly idealTree:prePrune | | |   +-- core-util-is@1.0.2
58 silly idealTree:prePrune | | |   +-- inherits@2.0.1
58 silly idealTree:prePrune | | |   +-- isarray@0.0.1
58 silly idealTree:prePrune | | |   `-- string_decoder@0.10.31
58 silly idealTree:prePrune | | +-- caseless@0.9.0
58 silly idealTree:prePrune | | +-- combined-stream@0.0.7
58 silly idealTree:prePrune | | | `-- delayed-stream@0.0.5
58 silly idealTree:prePrune | | +-- forever-agent@0.5.2
58 silly idealTree:prePrune | | +-- form-data@0.2.0
58 silly idealTree:prePrune | | | `-- async@0.9.2
58 silly idealTree:prePrune | | +-- hawk@2.3.1
58 silly idealTree:prePrune | | | +-- boom@2.10.1
58 silly idealTree:prePrune | | | +-- cryptiles@2.0.5
58 silly idealTree:prePrune | | | +-- hoek@2.16.3
58 silly idealTree:prePrune | | | `-- sntp@1.0.9
58 silly idealTree:prePrune | | +-- http-signature@0.10.1
58 silly idealTree:prePrune | | | +-- asn1@0.1.11
58 silly idealTree:prePrune | | | +-- assert-plus@0.1.5
58 silly idealTree:prePrune | | | `-- ctype@0.5.3
58 silly idealTree:prePrune | | +-- isstream@0.1.2
58 silly idealTree:prePrune | | +-- json-stringify-safe@5.0.1
58 silly idealTree:prePrune | | +-- mime-types@2.0.14
58 silly idealTree:prePrune | | | `-- mime-db@1.12.0
58 silly idealTree:prePrune | | +-- node-uuid@1.4.7
58 silly idealTree:prePrune | | +-- oauth-sign@0.6.0
58 silly idealTree:prePrune | | +-- qs@2.3.3
58 silly idealTree:prePrune | | +-- stringstream@0.0.5
58 silly idealTree:prePrune | | +-- tough-cookie@2.2.1
58 silly idealTree:prePrune | | `-- tunnel-agent@0.4.2
58 silly idealTree:prePrune | +-- retry@0.6.1
58 silly idealTree:prePrune | +-- rimraf@2.4.4
58 silly idealTree:prePrune | | `-- glob@5.0.15
58 silly idealTree:prePrune | |   +-- inflight@1.0.4
58 silly idealTree:prePrune | |   | `-- wrappy@1.0.1
58 silly idealTree:prePrune | |   +-- inherits@2.0.1
58 silly idealTree:prePrune | |   +-- minimatch@3.0.0
58 silly idealTree:prePrune | |   | `-- brace-expansion@1.1.2
58 silly idealTree:prePrune | |   |   +-- balanced-match@0.3.0
58 silly idealTree:prePrune | |   |   `-- concat-map@0.0.1
58 silly idealTree:prePrune | |   +-- once@1.3.3
58 silly idealTree:prePrune | |   | `-- wrappy@1.0.1
58 silly idealTree:prePrune | |   `-- path-is-absolute@1.0.0
58 silly idealTree:prePrune | +-- semver-utils@1.1.1
58 silly idealTree:prePrune | +-- semver@2.3.2
58 silly idealTree:prePrune | +-- shell-quote@1.4.3
58 silly idealTree:prePrune | | +-- array-filter@0.0.1
58 silly idealTree:prePrune | | +-- array-map@0.0.0
58 silly idealTree:prePrune | | +-- array-reduce@0.0.0
58 silly idealTree:prePrune | | `-- jsonify@0.0.0
58 silly idealTree:prePrune | +-- stringify-object@1.0.1
58 silly idealTree:prePrune | +-- tar-fs@1.8.1
58 silly idealTree:prePrune | | +-- pump@1.0.1
58 silly idealTree:prePrune | | | +-- end-of-stream@1.1.0
58 silly idealTree:prePrune | | | `-- once@1.3.3
58 silly idealTree:prePrune | | |   `-- wrappy@1.0.1
58 silly idealTree:prePrune | | `-- tar-stream@1.3.1
58 silly idealTree:prePrune | |   +-- bl@1.0.0
58 silly idealTree:prePrune | |   +-- end-of-stream@1.1.0
58 silly idealTree:prePrune | |   | `-- once@1.3.3
58 silly idealTree:prePrune | |   |   `-- wrappy@1.0.1
58 silly idealTree:prePrune | |   +-- readable-stream@2.0.4
58 silly idealTree:prePrune | |   | +-- core-util-is@1.0.2
58 silly idealTree:prePrune | |   | +-- inherits@2.0.1
58 silly idealTree:prePrune | |   | +-- isarray@0.0.1
58 silly idealTree:prePrune | |   | +-- process-nextick-args@1.0.6
58 silly idealTree:prePrune | |   | +-- string_decoder@0.10.31
58 silly idealTree:prePrune | |   | `-- util-deprecate@1.0.2
58 silly idealTree:prePrune | |   `-- xtend@4.0.1
58 silly idealTree:prePrune | +-- tmp@0.0.24
58 silly idealTree:prePrune | +-- update-notifier@0.6.0
58 silly idealTree:prePrune | | +-- configstore@1.4.0
58 silly idealTree:prePrune | | | +-- graceful-fs@4.1.2
58 silly idealTree:prePrune | | | +-- object-assign@4.0.1
58 silly idealTree:prePrune | | | +-- os-tmpdir@1.0.1
58 silly idealTree:prePrune | | | +-- osenv@0.1.3
58 silly idealTree:prePrune | | | | `-- os-homedir@1.0.1
58 silly idealTree:prePrune | | | +-- uuid@2.0.1
58 silly idealTree:prePrune | | | +-- write-file-atomic@1.1.4
58 silly idealTree:prePrune | | | | +-- imurmurhash@0.1.4
58 silly idealTree:prePrune | | | | `-- slide@1.1.6
58 silly idealTree:prePrune | | | `-- xdg-basedir@2.0.0
58 silly idealTree:prePrune | | |   `-- os-homedir@1.0.1
58 silly idealTree:prePrune | | +-- is-npm@1.0.0
58 silly idealTree:prePrune | | +-- latest-version@2.0.0
58 silly idealTree:prePrune | | | `-- package-json@2.3.0
58 silly idealTree:prePrune | | |   +-- got@5.2.0
58 silly idealTree:prePrune | | |   | +-- create-error-class@2.0.1
58 silly idealTree:prePrune | | |   | | +-- capture-stack-trace@1.0.0
58 silly idealTree:prePrune | | |   | | `-- inherits@2.0.1
58 silly idealTree:prePrune | | |   | +-- duplexify@3.4.2
58 silly idealTree:prePrune | | |   | | +-- end-of-stream@1.0.0
58 silly idealTree:prePrune | | |   | | | `-- once@1.3.3
58 silly idealTree:prePrune | | |   | | |   `-- wrappy@1.0.1
58 silly idealTree:prePrune | | |   | | `-- readable-stream@2.0.4
58 silly idealTree:prePrune | | |   | |   +-- core-util-is@1.0.2
58 silly idealTree:prePrune | | |   | |   +-- inherits@2.0.1
58 silly idealTree:prePrune | | |   | |   +-- isarray@0.0.1
58 silly idealTree:prePrune | | |   | |   +-- process-nextick-args@1.0.6
58 silly idealTree:prePrune | | |   | |   +-- string_decoder@0.10.31
58 silly idealTree:prePrune | | |   | |   `-- util-deprecate@1.0.2
58 silly idealTree:prePrune | | |   | +-- is-plain-obj@1.1.0
58 silly idealTree:prePrune | | |   | +-- is-redirect@1.0.0
58 silly idealTree:prePrune | | |   | +-- is-stream@1.0.1
58 silly idealTree:prePrune | | |   | +-- lowercase-keys@1.0.0
58 silly idealTree:prePrune | | |   | +-- node-status-codes@1.0.0
58 silly idealTree:prePrune | | |   | +-- object-assign@4.0.1
58 silly idealTree:prePrune | | |   | +-- parse-json@2.2.0
58 silly idealTree:prePrune | | |   | | `-- error-ex@1.3.0
58 silly idealTree:prePrune | | |   | |   `-- is-arrayish@0.2.1
58 silly idealTree:prePrune | | |   | +-- pinkie-promise@2.0.0
58 silly idealTree:prePrune | | |   | | `-- pinkie@2.0.1
58 silly idealTree:prePrune | | |   | +-- read-all-stream@3.0.1
58 silly idealTree:prePrune | | |   | | +-- pinkie-promise@1.0.0
58 silly idealTree:prePrune | | |   | | | `-- pinkie@1.0.0
58 silly idealTree:prePrune | | |   | | `-- readable-stream@2.0.4
58 silly idealTree:prePrune | | |   | |   +-- core-util-is@1.0.2
58 silly idealTree:prePrune | | |   | |   +-- inherits@2.0.1
58 silly idealTree:prePrune | | |   | |   +-- isarray@0.0.1
58 silly idealTree:prePrune | | |   | |   +-- process-nextick-args@1.0.6
58 silly idealTree:prePrune | | |   | |   +-- string_decoder@0.10.31
58 silly idealTree:prePrune | | |   | |   `-- util-deprecate@1.0.2
58 silly idealTree:prePrune | | |   | +-- timed-out@2.0.0
58 silly idealTree:prePrune | | |   | +-- unzip-response@1.0.0
58 silly idealTree:prePrune | | |   | `-- url-parse-lax@1.0.0
58 silly idealTree:prePrune | | |   |   `-- prepend-http@1.0.3
58 silly idealTree:prePrune | | |   +-- rc@1.1.5
58 silly idealTree:prePrune | | |   | +-- deep-extend@0.4.0
58 silly idealTree:prePrune | | |   | +-- ini@1.3.4
58 silly idealTree:prePrune | | |   | +-- minimist@1.2.0
58 silly idealTree:prePrune | | |   | `-- strip-json-comments@1.0.4
58 silly idealTree:prePrune | | |   +-- registry-url@3.0.3
58 silly idealTree:prePrune | | |   `-- semver@5.1.0
58 silly idealTree:prePrune | | +-- repeating@2.0.0
58 silly idealTree:prePrune | | | `-- is-finite@1.0.1
58 silly idealTree:prePrune | | |   `-- number-is-nan@1.0.0
58 silly idealTree:prePrune | | +-- semver-diff@2.1.0
58 silly idealTree:prePrune | | | `-- semver@5.1.0
58 silly idealTree:prePrune | | `-- string-length@1.0.1
58 silly idealTree:prePrune | |   `-- strip-ansi@3.0.0
58 silly idealTree:prePrune | |     `-- ansi-regex@2.0.0
58 silly idealTree:prePrune | +-- user-home@1.1.1
58 silly idealTree:prePrune | `-- which@1.2.0
58 silly idealTree:prePrune |   `-- is-absolute@0.1.7
58 silly idealTree:prePrune |     `-- is-relative@0.1.3
58 silly idealTree:prePrune +-- camelcase@1.2.1
58 silly idealTree:prePrune +-- cliui@3.1.0
58 silly idealTree:prePrune +-- code-point-at@1.0.0
58 silly idealTree:prePrune +-- decamelize@1.1.2
58 silly idealTree:prePrune | `-- escape-string-regexp@1.0.4
58 silly idealTree:prePrune +-- express@4.13.3
58 silly idealTree:prePrune | +-- accepts@1.2.13
58 silly idealTree:prePrune | | +-- mime-types@2.1.8
58 silly idealTree:prePrune | | | `-- mime-db@1.20.0
58 silly idealTree:prePrune | | `-- negotiator@0.5.3
58 silly idealTree:prePrune | +-- array-flatten@1.1.1
58 silly idealTree:prePrune | +-- content-disposition@0.5.0
58 silly idealTree:prePrune | +-- content-type@1.0.1
58 silly idealTree:prePrune | +-- cookie-signature@1.0.6
58 silly idealTree:prePrune | +-- cookie@0.1.3
58 silly idealTree:prePrune | +-- debug@2.2.0
58 silly idealTree:prePrune | | `-- ms@0.7.1
58 silly idealTree:prePrune | +-- depd@1.0.1
58 silly idealTree:prePrune | +-- escape-html@1.0.2
58 silly idealTree:prePrune | +-- etag@1.7.0
58 silly idealTree:prePrune | +-- finalhandler@0.4.0
58 silly idealTree:prePrune | | `-- unpipe@1.0.0
58 silly idealTree:prePrune | +-- fresh@0.3.0
58 silly idealTree:prePrune | +-- merge-descriptors@1.0.0
58 silly idealTree:prePrune | +-- methods@1.1.1
58 silly idealTree:prePrune | +-- on-finished@2.3.0
58 silly idealTree:prePrune | | `-- ee-first@1.1.1
58 silly idealTree:prePrune | +-- parseurl@1.3.0
58 silly idealTree:prePrune | +-- path-to-regexp@0.1.7
58 silly idealTree:prePrune | +-- proxy-addr@1.0.10
58 silly idealTree:prePrune | | +-- forwarded@0.1.0
58 silly idealTree:prePrune | | `-- ipaddr.js@1.0.5
58 silly idealTree:prePrune | +-- qs@4.0.0
58 silly idealTree:prePrune | +-- range-parser@1.0.3
58 silly idealTree:prePrune | +-- send@0.13.0
58 silly idealTree:prePrune | | +-- destroy@1.0.3
58 silly idealTree:prePrune | | +-- http-errors@1.3.1
58 silly idealTree:prePrune | | +-- mime@1.3.4
58 silly idealTree:prePrune | | +-- ms@0.7.1
58 silly idealTree:prePrune | | `-- statuses@1.2.1
58 silly idealTree:prePrune | +-- serve-static@1.10.0
58 silly idealTree:prePrune | +-- type-is@1.6.10
58 silly idealTree:prePrune | | +-- media-typer@0.3.0
58 silly idealTree:prePrune | | `-- mime-types@2.1.8
58 silly idealTree:prePrune | |   `-- mime-db@1.20.0
58 silly idealTree:prePrune | +-- utils-merge@1.0.0
58 silly idealTree:prePrune | `-- vary@1.0.1
58 silly idealTree:prePrune +-- inherits@2.0.1
58 silly idealTree:prePrune +-- ini@1.3.4
58 silly idealTree:prePrune +-- invert-kv@1.0.0
58 silly idealTree:prePrune +-- is-fullwidth-code-point@1.0.0
58 silly idealTree:prePrune +-- lcid@1.0.0
58 silly idealTree:prePrune +-- lodash@3.10.1
58 silly idealTree:prePrune +-- nconf@0.8.2
58 silly idealTree:prePrune +-- number-is-nan@1.0.0
58 silly idealTree:prePrune +-- os-locale@1.4.0
58 silly idealTree:prePrune +-- path@0.12.7
58 silly idealTree:prePrune +-- process@0.11.2
58 silly idealTree:prePrune +-- serve-favicon@2.3.0
58 silly idealTree:prePrune | +-- etag@1.7.0
58 silly idealTree:prePrune | +-- fresh@0.3.0
58 silly idealTree:prePrune | +-- ms@0.7.1
58 silly idealTree:prePrune | `-- parseurl@1.3.0
58 silly idealTree:prePrune +-- string-width@1.0.1
58 silly idealTree:prePrune +-- strip-ansi@3.0.0
58 silly idealTree:prePrune | `-- ansi-regex@2.0.0
58 silly idealTree:prePrune +-- util@0.10.3
58 silly idealTree:prePrune +-- window-size@0.1.4
58 silly idealTree:prePrune +-- wrap-ansi@1.0.0
58 silly idealTree:prePrune +-- y18n@3.2.0
58 silly idealTree:prePrune `-- yargs@3.31.0
58 silly idealTree:prePrune   `-- camelcase@2.0.1
59 silly loadIdealTree Finishing
60 silly currentTree appclient_ShareAbike@0.5.8
60 silly currentTree +-- angular-google-maps@2.2.1
60 silly currentTree | `-- angular-simple-logger@0.0.4
60 silly currentTree +-- angular-route@1.4.8
60 silly currentTree +-- angular@1.4.8
60 silly currentTree +-- async@1.5.0
60 silly currentTree +-- body-parser@1.14.2
60 silly currentTree | +-- bytes@2.2.0
60 silly currentTree | +-- content-type@1.0.1
60 silly currentTree | +-- debug@2.2.0
60 silly currentTree | | `-- ms@0.7.1
60 silly currentTree | +-- depd@1.1.0
60 silly currentTree | +-- http-errors@1.3.1
60 silly currentTree | | `-- statuses@1.2.1
60 silly currentTree | +-- iconv-lite@0.4.13
60 silly currentTree | +-- on-finished@2.3.0
60 silly currentTree | | `-- ee-first@1.1.1
60 silly currentTree | +-- qs@5.2.0
60 silly currentTree | +-- raw-body@2.1.5
60 silly currentTree | | `-- unpipe@1.0.0
60 silly currentTree | `-- type-is@1.6.10
60 silly currentTree |   +-- media-typer@0.3.0
60 silly currentTree |   `-- mime-types@2.1.8
60 silly currentTree |     `-- mime-db@1.20.0
60 silly currentTree +-- bower@1.7.1
60 silly currentTree | +-- abbrev@1.0.7
60 silly currentTree | +-- archy@1.0.0
60 silly currentTree | +-- bower-config@1.3.0
60 silly currentTree | | +-- graceful-fs@4.1.2
60 silly currentTree | | +-- optimist@0.6.1
60 silly currentTree | | | +-- minimist@0.0.10
60 silly currentTree | | | `-- wordwrap@0.0.3
60 silly currentTree | | +-- osenv@0.1.3
60 silly currentTree | | | +-- os-homedir@1.0.1
60 silly currentTree | | | `-- os-tmpdir@1.0.1
60 silly currentTree | | `-- untildify@2.1.0
60 silly currentTree | |   `-- os-homedir@1.0.1
60 silly currentTree | +-- bower-endpoint-parser@0.2.2
60 silly currentTree | +-- bower-json@0.4.0
60 silly currentTree | | +-- deep-extend@0.2.11
60 silly currentTree | | +-- graceful-fs@2.0.3
60 silly currentTree | | `-- intersect@0.0.3
60 silly currentTree | +-- bower-logger@0.2.2
60 silly currentTree | +-- bower-registry-client@1.0.0
60 silly currentTree | | +-- async@0.2.10
60 silly currentTree | | +-- graceful-fs@4.1.2
60 silly currentTree | | +-- mkdirp@0.3.5
60 silly currentTree | | `-- request-replay@0.2.0
60 silly currentTree | +-- cardinal@0.4.4
60 silly currentTree | | +-- ansicolors@0.2.1
60 silly currentTree | | `-- redeyed@0.4.4
60 silly currentTree | |   `-- esprima@1.0.4
60 silly currentTree | +-- chalk@1.1.1
60 silly currentTree | | +-- ansi-styles@2.1.0
60 silly currentTree | | +-- escape-string-regexp@1.0.3
60 silly currentTree | | +-- has-ansi@2.0.0
60 silly currentTree | | | `-- ansi-regex@2.0.0
60 silly currentTree | | +-- strip-ansi@3.0.0
60 silly currentTree | | | `-- ansi-regex@2.0.0
60 silly currentTree | | `-- supports-color@2.0.0
60 silly currentTree | +-- chmodr@1.0.2
60 silly currentTree | +-- configstore@0.3.2
60 silly currentTree | | +-- js-yaml@3.4.6
60 silly currentTree | | | +-- argparse@1.0.3
60 silly currentTree | | | | +-- lodash@3.10.1
60 silly currentTree | | | | `-- sprintf-js@1.0.3
60 silly currentTree | | | +-- esprima@2.7.1
60 silly currentTree | | | `-- inherit@2.2.2
60 silly currentTree | | +-- object-assign@2.1.1
60 silly currentTree | | +-- osenv@0.1.3
60 silly currentTree | | | +-- os-homedir@1.0.1
60 silly currentTree | | | `-- os-tmpdir@1.0.1
60 silly currentTree | | +-- uuid@2.0.1
60 silly currentTree | | `-- xdg-basedir@1.0.1
60 silly currentTree | +-- decompress-zip@0.1.0
60 silly currentTree | | +-- binary@0.3.0
60 silly currentTree | | | +-- buffers@0.1.1
60 silly currentTree | | | `-- chainsaw@0.1.0
60 silly currentTree | | |   `-- traverse@0.3.9
60 silly currentTree | | +-- mkpath@0.1.0
60 silly currentTree | | +-- readable-stream@1.1.13
60 silly currentTree | | | +-- core-util-is@1.0.2
60 silly currentTree | | | +-- inherits@2.0.1
60 silly currentTree | | | +-- isarray@0.0.1
60 silly currentTree | | | `-- string_decoder@0.10.31
60 silly currentTree | | `-- touch@0.0.3
60 silly currentTree | |   `-- nopt@1.0.10
60 silly currentTree | +-- destroy@1.0.3
60 silly currentTree | +-- fs-write-stream-atomic@1.0.7
60 silly currentTree | | +-- graceful-fs@4.1.2
60 silly currentTree | | +-- iferr@0.1.5
60 silly currentTree | | +-- imurmurhash@0.1.4
60 silly currentTree | | `-- readable-stream@2.0.4
60 silly currentTree | |   +-- core-util-is@1.0.2
60 silly currentTree | |   +-- inherits@2.0.1
60 silly currentTree | |   +-- isarray@0.0.1
60 silly currentTree | |   +-- process-nextick-args@1.0.6
60 silly currentTree | |   +-- string_decoder@0.10.31
60 silly currentTree | |   `-- util-deprecate@1.0.2
60 silly currentTree | +-- fstream-ignore@1.0.3
60 silly currentTree | | +-- inherits@2.0.1
60 silly currentTree | | `-- minimatch@3.0.0
60 silly currentTree | |   `-- brace-expansion@1.1.2
60 silly currentTree | |     +-- balanced-match@0.3.0
60 silly currentTree | |     `-- concat-map@0.0.1
60 silly currentTree | +-- fstream@1.0.8
60 silly currentTree | | +-- graceful-fs@4.1.2
60 silly currentTree | | `-- inherits@2.0.1
60 silly currentTree | +-- github@0.2.4
60 silly currentTree | | `-- mime@1.3.4
60 silly currentTree | +-- glob@4.5.3
60 silly currentTree | | +-- inflight@1.0.4
60 silly currentTree | | | `-- wrappy@1.0.1
60 silly currentTree | | +-- inherits@2.0.1
60 silly currentTree | | +-- minimatch@2.0.10
60 silly currentTree | | | `-- brace-expansion@1.1.2
60 silly currentTree | | |   +-- balanced-match@0.3.0
60 silly currentTree | | |   `-- concat-map@0.0.1
60 silly currentTree | | `-- once@1.3.3
60 silly currentTree | |   `-- wrappy@1.0.1
60 silly currentTree | +-- graceful-fs@3.0.8
60 silly currentTree | +-- handlebars@2.0.0
60 silly currentTree | | +-- optimist@0.3.7
60 silly currentTree | | | `-- wordwrap@0.0.3
60 silly currentTree | | `-- uglify-js@2.3.6
60 silly currentTree | |   +-- async@0.2.10
60 silly currentTree | |   `-- source-map@0.1.43
60 silly currentTree | |     `-- amdefine@1.0.0
60 silly currentTree | +-- inquirer@0.10.0
60 silly currentTree | | +-- ansi-escapes@1.1.0
60 silly currentTree | | +-- ansi-regex@2.0.0
60 silly currentTree | | +-- cli-cursor@1.0.2
60 silly currentTree | | | `-- restore-cursor@1.0.1
60 silly currentTree | | |   +-- exit-hook@1.1.1
60 silly currentTree | | |   `-- onetime@1.0.0
60 silly currentTree | | +-- cli-width@1.1.0
60 silly currentTree | | +-- figures@1.4.0
60 silly currentTree | | +-- lodash@3.10.1
60 silly currentTree | | +-- readline2@1.0.1
60 silly currentTree | | | +-- code-point-at@1.0.0
60 silly currentTree | | | | `-- number-is-nan@1.0.0
60 silly currentTree | | | +-- is-fullwidth-code-point@1.0.0
60 silly currentTree | | | | `-- number-is-nan@1.0.0
60 silly currentTree | | | `-- mute-stream@0.0.5
60 silly currentTree | | +-- run-async@0.1.0
60 silly currentTree | | | `-- once@1.3.3
60 silly currentTree | | |   `-- wrappy@1.0.1
60 silly currentTree | | +-- rx-lite@3.1.2
60 silly currentTree | | +-- strip-ansi@3.0.0
60 silly currentTree | | `-- through@2.3.8
60 silly currentTree | +-- insight@0.7.0
60 silly currentTree | | +-- async@1.5.0
60 silly currentTree | | +-- configstore@1.4.0
60 silly currentTree | | | +-- graceful-fs@4.1.2
60 silly currentTree | | | +-- os-tmpdir@1.0.1
60 silly currentTree | | | +-- osenv@0.1.3
60 silly currentTree | | | | `-- os-homedir@1.0.1
60 silly currentTree | | | +-- uuid@2.0.1
60 silly currentTree | | | +-- write-file-atomic@1.1.4
60 silly currentTree | | | | +-- imurmurhash@0.1.4
60 silly currentTree | | | | `-- slide@1.1.6
60 silly currentTree | | | `-- xdg-basedir@2.0.0
60 silly currentTree | | |   `-- os-homedir@1.0.1
60 silly currentTree | | +-- lodash.debounce@3.1.1
60 silly currentTree | | | `-- lodash._getnative@3.9.1
60 silly currentTree | | +-- object-assign@4.0.1
60 silly currentTree | | +-- os-name@1.0.3
60 silly currentTree | | | +-- osx-release@1.1.0
60 silly currentTree | | | | `-- minimist@1.2.0
60 silly currentTree | | | `-- win-release@1.1.1
60 silly currentTree | | |   `-- semver@5.1.0
60 silly currentTree | | `-- tough-cookie@2.2.1
60 silly currentTree | +-- is-root@1.0.0
60 silly currentTree | +-- junk@1.0.2
60 silly currentTree | +-- lockfile@1.0.1
60 silly currentTree | +-- lru-cache@2.7.3
60 silly currentTree | +-- md5-hex@1.1.0
60 silly currentTree | | `-- md5-o-matic@0.1.1
60 silly currentTree | +-- mkdirp@0.5.0
60 silly currentTree | | `-- minimist@0.0.8
60 silly currentTree | +-- mout@0.11.1
60 silly currentTree | +-- nopt@3.0.6
60 silly currentTree | +-- opn@1.0.2
60 silly currentTree | +-- p-throttler@0.1.1
60 silly currentTree | | `-- q@0.9.7
60 silly currentTree | +-- promptly@0.2.0
60 silly currentTree | | `-- read@1.0.7
60 silly currentTree | |   `-- mute-stream@0.0.5
60 silly currentTree | +-- q@1.4.1
60 silly currentTree | +-- request-progress@0.3.1
60 silly currentTree | | `-- throttleit@0.0.2
60 silly currentTree | +-- request@2.53.0
60 silly currentTree | | +-- aws-sign2@0.5.0
60 silly currentTree | | +-- bl@0.9.4
60 silly currentTree | | | `-- readable-stream@1.0.33
60 silly currentTree | | |   +-- core-util-is@1.0.2
60 silly currentTree | | |   +-- inherits@2.0.1
60 silly currentTree | | |   +-- isarray@0.0.1
60 silly currentTree | | |   `-- string_decoder@0.10.31
60 silly currentTree | | +-- caseless@0.9.0
60 silly currentTree | | +-- combined-stream@0.0.7
60 silly currentTree | | | `-- delayed-stream@0.0.5
60 silly currentTree | | +-- forever-agent@0.5.2
60 silly currentTree | | +-- form-data@0.2.0
60 silly currentTree | | | `-- async@0.9.2
60 silly currentTree | | +-- hawk@2.3.1
60 silly currentTree | | | +-- boom@2.10.1
60 silly currentTree | | | +-- cryptiles@2.0.5
60 silly currentTree | | | +-- hoek@2.16.3
60 silly currentTree | | | `-- sntp@1.0.9
60 silly currentTree | | +-- http-signature@0.10.1
60 silly currentTree | | | +-- asn1@0.1.11
60 silly currentTree | | | +-- assert-plus@0.1.5
60 silly currentTree | | | `-- ctype@0.5.3
60 silly currentTree | | +-- isstream@0.1.2
60 silly currentTree | | +-- json-stringify-safe@5.0.1
60 silly currentTree | | +-- mime-types@2.0.14
60 silly currentTree | | | `-- mime-db@1.12.0
60 silly currentTree | | +-- node-uuid@1.4.7
60 silly currentTree | | +-- oauth-sign@0.6.0
60 silly currentTree | | +-- qs@2.3.3
60 silly currentTree | | +-- stringstream@0.0.5
60 silly currentTree | | +-- tough-cookie@2.2.1
60 silly currentTree | | `-- tunnel-agent@0.4.2
60 silly currentTree | +-- retry@0.6.1
60 silly currentTree | +-- rimraf@2.4.4
60 silly currentTree | | `-- glob@5.0.15
60 silly currentTree | |   +-- inflight@1.0.4
60 silly currentTree | |   | `-- wrappy@1.0.1
60 silly currentTree | |   +-- inherits@2.0.1
60 silly currentTree | |   +-- minimatch@3.0.0
60 silly currentTree | |   | `-- brace-expansion@1.1.2
60 silly currentTree | |   |   +-- balanced-match@0.3.0
60 silly currentTree | |   |   `-- concat-map@0.0.1
60 silly currentTree | |   +-- once@1.3.3
60 silly currentTree | |   | `-- wrappy@1.0.1
60 silly currentTree | |   `-- path-is-absolute@1.0.0
60 silly currentTree | +-- semver-utils@1.1.1
60 silly currentTree | +-- semver@2.3.2
60 silly currentTree | +-- shell-quote@1.4.3
60 silly currentTree | | +-- array-filter@0.0.1
60 silly currentTree | | +-- array-map@0.0.0
60 silly currentTree | | +-- array-reduce@0.0.0
60 silly currentTree | | `-- jsonify@0.0.0
60 silly currentTree | +-- stringify-object@1.0.1
60 silly currentTree | +-- tar-fs@1.8.1
60 silly currentTree | | +-- pump@1.0.1
60 silly currentTree | | | +-- end-of-stream@1.1.0
60 silly currentTree | | | `-- once@1.3.3
60 silly currentTree | | |   `-- wrappy@1.0.1
60 silly currentTree | | `-- tar-stream@1.3.1
60 silly currentTree | |   +-- bl@1.0.0
60 silly currentTree | |   +-- end-of-stream@1.1.0
60 silly currentTree | |   | `-- once@1.3.3
60 silly currentTree | |   |   `-- wrappy@1.0.1
60 silly currentTree | |   +-- readable-stream@2.0.4
60 silly currentTree | |   | +-- core-util-is@1.0.2
60 silly currentTree | |   | +-- inherits@2.0.1
60 silly currentTree | |   | +-- isarray@0.0.1
60 silly currentTree | |   | +-- process-nextick-args@1.0.6
60 silly currentTree | |   | +-- string_decoder@0.10.31
60 silly currentTree | |   | `-- util-deprecate@1.0.2
60 silly currentTree | |   `-- xtend@4.0.1
60 silly currentTree | +-- tmp@0.0.24
60 silly currentTree | +-- update-notifier@0.6.0
60 silly currentTree | | +-- configstore@1.4.0
60 silly currentTree | | | +-- graceful-fs@4.1.2
60 silly currentTree | | | +-- object-assign@4.0.1
60 silly currentTree | | | +-- os-tmpdir@1.0.1
60 silly currentTree | | | +-- osenv@0.1.3
60 silly currentTree | | | | `-- os-homedir@1.0.1
60 silly currentTree | | | +-- uuid@2.0.1
60 silly currentTree | | | +-- write-file-atomic@1.1.4
60 silly currentTree | | | | +-- imurmurhash@0.1.4
60 silly currentTree | | | | `-- slide@1.1.6
60 silly currentTree | | | `-- xdg-basedir@2.0.0
60 silly currentTree | | |   `-- os-homedir@1.0.1
60 silly currentTree | | +-- is-npm@1.0.0
60 silly currentTree | | +-- latest-version@2.0.0
60 silly currentTree | | | `-- package-json@2.3.0
60 silly currentTree | | |   +-- got@5.2.0
60 silly currentTree | | |   | +-- create-error-class@2.0.1
60 silly currentTree | | |   | | +-- capture-stack-trace@1.0.0
60 silly currentTree | | |   | | `-- inherits@2.0.1
60 silly currentTree | | |   | +-- duplexify@3.4.2
60 silly currentTree | | |   | | +-- end-of-stream@1.0.0
60 silly currentTree | | |   | | | `-- once@1.3.3
60 silly currentTree | | |   | | |   `-- wrappy@1.0.1
60 silly currentTree | | |   | | `-- readable-stream@2.0.4
60 silly currentTree | | |   | |   +-- core-util-is@1.0.2
60 silly currentTree | | |   | |   +-- inherits@2.0.1
60 silly currentTree | | |   | |   +-- isarray@0.0.1
60 silly currentTree | | |   | |   +-- process-nextick-args@1.0.6
60 silly currentTree | | |   | |   +-- string_decoder@0.10.31
60 silly currentTree | | |   | |   `-- util-deprecate@1.0.2
60 silly currentTree | | |   | +-- is-plain-obj@1.1.0
60 silly currentTree | | |   | +-- is-redirect@1.0.0
60 silly currentTree | | |   | +-- is-stream@1.0.1
60 silly currentTree | | |   | +-- lowercase-keys@1.0.0
60 silly currentTree | | |   | +-- node-status-codes@1.0.0
60 silly currentTree | | |   | +-- object-assign@4.0.1
60 silly currentTree | | |   | +-- parse-json@2.2.0
60 silly currentTree | | |   | | `-- error-ex@1.3.0
60 silly currentTree | | |   | |   `-- is-arrayish@0.2.1
60 silly currentTree | | |   | +-- pinkie-promise@2.0.0
60 silly currentTree | | |   | | `-- pinkie@2.0.1
60 silly currentTree | | |   | +-- read-all-stream@3.0.1
60 silly currentTree | | |   | | +-- pinkie-promise@1.0.0
60 silly currentTree | | |   | | | `-- pinkie@1.0.0
60 silly currentTree | | |   | | `-- readable-stream@2.0.4
60 silly currentTree | | |   | |   +-- core-util-is@1.0.2
60 silly currentTree | | |   | |   +-- inherits@2.0.1
60 silly currentTree | | |   | |   +-- isarray@0.0.1
60 silly currentTree | | |   | |   +-- process-nextick-args
60 silly currentTree | | |   | |   +-- string_decoder@0.10.31
60 silly currentTree | | |   | |   `-- util-deprecate@1.0.2
60 silly currentTree | | |   | +-- timed-out@2.0.0
60 silly currentTree | | |   | +-- unzip-response@1.0.0
60 silly currentTree | | |   | `-- url-parse-lax@1.0.0
60 silly currentTree | | |   |   `-- prepend-http@1.0.3
60 silly currentTree | | |   +-- rc@1.1.5
60 silly currentTree | | |   | +-- deep-extend@0.4.0
60 silly currentTree | | |   | +-- ini@1.3.4
60 silly currentTree | | |   | +-- minimist@1.2.0
60 silly currentTree | | |   | `-- strip-json-comments@1.0.4
60 silly currentTree | | |   +-- registry-url@3.0.3
60 silly currentTree | | |   `-- semver@5.1.0
60 silly currentTree | | +-- repeating@2.0.0
60 silly currentTree | | | `-- is-finite@1.0.1
60 silly currentTree | | |   `-- number-is-nan@1.0.0
60 silly currentTree | | +-- semver-diff@2.1.0
60 silly currentTree | | | `-- semver@5.1.0
60 silly currentTree | | `-- string-length@1.0.1
60 silly currentTree | |   `-- strip-ansi@3.0.0
60 silly currentTree | |     `-- ansi-regex@2.0.0
60 silly currentTree | +-- user-home@1.1.1
60 silly currentTree | `-- which@1.2.0
60 silly currentTree |   `-- is-absolute@0.1.7
60 silly currentTree |     `-- is-relative@0.1.3
60 silly currentTree +-- camelcase@1.2.1
60 silly currentTree +-- cliui@3.1.0
60 silly currentTree +-- code-point-at@1.0.0
60 silly currentTree +-- decamelize@1.1.2
60 silly currentTree | `-- escape-string-regexp@1.0.4
60 silly currentTree +-- express@4.13.3
60 silly currentTree | +-- accepts@1.2.13
60 silly currentTree | | +-- mime-types@2.1.8
60 silly currentTree | | | `-- mime-db@1.20.0
60 silly currentTree | | `-- negotiator@0.5.3
60 silly currentTree | +-- array-flatten@1.1.1
60 silly currentTree | +-- content-disposition@0.5.0
60 silly currentTree | +-- content-type@1.0.1
60 silly currentTree | +-- cookie-signature@1.0.6
60 silly currentTree | +-- cookie@0.1.3
60 silly currentTree | +-- debug@2.2.0
60 silly currentTree | | `-- ms@0.7.1
60 silly currentTree | +-- depd@1.0.1
60 silly currentTree | +-- escape-html@1.0.2
60 silly currentTree | +-- etag@1.7.0
60 silly currentTree | +-- finalhandler@0.4.0
60 silly currentTree | | `-- unpipe@1.0.0
60 silly currentTree | +-- fresh@0.3.0
60 silly currentTree | +-- merge-descriptors@1.0.0
60 silly currentTree | +-- methods@1.1.1
60 silly currentTree | +-- on-finished@2.3.0
60 silly currentTree | | `-- ee-first@1.1.1
60 silly currentTree | +-- parseurl@1.3.0
60 silly currentTree | +-- path-to-regexp@0.1.7
60 silly currentTree | +-- proxy-addr@1.0.10
60 silly currentTree | | +-- forwarded@0.1.0
60 silly currentTree | | `-- ipaddr.js@1.0.5
60 silly currentTree | +-- qs@4.0.0
60 silly currentTree | +-- range-parser@1.0.3
60 silly currentTree | +-- send@0.13.0
60 silly currentTree | | +-- destroy@1.0.3
60 silly currentTree | | +-- http-errors@1.3.1
60 silly currentTree | | +-- mime@1.3.4
60 silly currentTree | | +-- ms@0.7.1
60 silly currentTree | | `-- statuses@1.2.1
60 silly currentTree | +-- serve-static@1.10.0
60 silly currentTree | +-- type-is@1.6.10
60 silly currentTree | | +-- media-typer@0.3.0
60 silly currentTree | | `-- mime-types@2.1.8
60 silly currentTree | |   `-- mime-db@1.20.0
60 silly currentTree | +-- utils-merge@1.0.0
60 silly currentTree | `-- vary@1.0.1
60 silly currentTree +-- inherits@2.0.1
60 silly currentTree +-- ini@1.3.4
60 silly currentTree +-- invert-kv@1.0.0
60 silly currentTree +-- is-fullwidth-code-point@1.0.0
60 silly currentTree +-- lcid@1.0.0
60 silly currentTree +-- lodash@3.10.1
60 silly currentTree +-- nconf@0.8.2
60 silly currentTree +-- number-is-nan@1.0.0
60 silly currentTree +-- os-locale@1.4.0
60 silly currentTree +-- path@0.12.7
60 silly currentTree +-- process@0.11.2
60 silly currentTree +-- serve-favicon@2.3.0
60 silly currentTree | +-- etag@1.7.0
60 silly currentTree | +-- fresh@0.3.0
60 silly currentTree | +-- ms@0.7.1
60 silly currentTree | `-- parseurl@1.3.0
60 silly currentTree +-- string-width@1.0.1
60 silly currentTree +-- strip-ansi@3.0.0
60 silly currentTree | `-- ansi-regex@2.0.0
60 silly currentTree +-- util@0.10.3
60 silly currentTree +-- window-size@0.1.4
60 silly currentTree +-- wrap-ansi@1.0.0
60 silly currentTree +-- y18n@3.2.0
60 silly currentTree `-- yargs@3.31.0
60 silly currentTree   `-- camelcase@2.0.1
61 silly idealTree appclient_ShareAbike@0.5.8
61 silly idealTree +-- angular-google-maps@2.2.1
61 silly idealTree | `-- angular-simple-logger@0.0.4
61 silly idealTree +-- angular-route@1.4.8
61 silly idealTree +-- angular@1.4.8
61 silly idealTree +-- async@1.5.0
61 silly idealTree +-- body-parser@1.14.2
61 silly idealTree | +-- bytes@2.2.0
61 silly idealTree | +-- content-type@1.0.1
61 silly idealTree | +-- debug@2.2.0
61 silly idealTree | | `-- ms@0.7.1
61 silly idealTree | +-- depd@1.1.0
61 silly idealTree | +-- http-errors@1.3.1
61 silly idealTree | | `-- statuses@1.2.1
61 silly idealTree | +-- iconv-lite@0.4.13
61 silly idealTree | +-- on-finished@2.3.0
61 silly idealTree | | `-- ee-first@1.1.1
61 silly idealTree | +-- qs@5.2.0
61 silly idealTree | +-- raw-body@2.1.5
61 silly idealTree | | `-- unpipe@1.0.0
61 silly idealTree | `-- type-is@1.6.10
61 silly idealTree |   +-- media-typer@0.3.0
61 silly idealTree |   `-- mime-types@2.1.8
61 silly idealTree |     `-- mime-db@1.20.0
61 silly idealTree +-- bower@1.7.1
61 silly idealTree | +-- abbrev@1.0.7
61 silly idealTree | +-- archy@1.0.0
61 silly idealTree | +-- bower-config@1.3.0
61 silly idealTree | | +-- graceful-fs@4.1.2
61 silly idealTree | | +-- optimist@0.6.1
61 silly idealTree | | | +-- minimist@0.0.10
61 silly idealTree | | | `-- wordwrap@0.0.3
61 silly idealTree | | +-- osenv@0.1.3
61 silly idealTree | | | +-- os-homedir@1.0.1
61 silly idealTree | | | `-- os-tmpdir@1.0.1
61 silly idealTree | | `-- untildify@2.1.0
61 silly idealTree | |   `-- os-homedir@1.0.1
61 silly idealTree | +-- bower-endpoint-parser@0.2.2
61 silly idealTree | +-- bower-json@0.4.0
61 silly idealTree | | +-- deep-extend@0.2.11
61 silly idealTree | | +-- graceful-fs@2.0.3
61 silly idealTree | | `-- intersect@0.0.3
61 silly idealTree | +-- bower-logger@0.2.2
61 silly idealTree | +-- bower-registry-client@1.0.0
61 silly idealTree | | +-- async@0.2.10
61 silly idealTree | | +-- graceful-fs@4.1.2
61 silly idealTree | | +-- mkdirp@0.3.5
61 silly idealTree | | `-- request-replay@0.2.0
61 silly idealTree | +-- cardinal@0.4.4
61 silly idealTree | | +-- ansicolors@0.2.1
61 silly idealTree | | `-- redeyed@0.4.4
61 silly idealTree | |   `-- esprima@1.0.4
61 silly idealTree | +-- chalk@1.1.1
61 silly idealTree | | +-- ansi-styles@2.1.0
61 silly idealTree | | +-- escape-string-regexp@1.0.3
61 silly idealTree | | +-- has-ansi@2.0.0
61 silly idealTree | | | `-- ansi-regex@2.0.0
61 silly idealTree | | +-- strip-ansi@3.0.0
61 silly idealTree | | | `-- ansi-regex@2.0.0
61 silly idealTree | | `-- supports-color@2.0.0
61 silly idealTree | +-- chmodr@1.0.2
61 silly idealTree | +-- configstore@0.3.2
61 silly idealTree | | +-- js-yaml@3.4.6
61 silly idealTree | | | +-- argparse@1.0.3
61 silly idealTree | | | | +-- lodash@3.10.1
61 silly idealTree | | | | `-- sprintf-js@1.0.3
61 silly idealTree | | | +-- esprima@2.7.1
61 silly idealTree | | | `-- inherit@2.2.2
61 silly idealTree | | +-- object-assign@2.1.1
61 silly idealTree | | +-- osenv@0.1.3
61 silly idealTree | | | +-- os-homedir@1.0.1
61 silly idealTree | | | `-- os-tmpdir@1.0.1
61 silly idealTree | | +-- uuid@2.0.1
61 silly idealTree | | `-- xdg-basedir@1.0.1
61 silly idealTree | +-- decompress-zip@0.1.0
61 silly idealTree | | +-- binary@0.3.0
61 silly idealTree | | | +-- buffers@0.1.1
61 silly idealTree | | | `-- chainsaw@0.1.0
61 silly idealTree | | |   `-- traverse@0.3.9
61 silly idealTree | | +-- mkpath@0.1.0
61 silly idealTree | | +-- readable-stream@1.1.13
61 silly idealTree | | | +-- core-util-is@1.0.2
61 silly idealTree | | | +-- inherits@2.0.1
61 silly idealTree | | | +-- isarray@0.0.1
61 silly idealTree | | | `-- string_decoder@0.10.31
61 silly idealTree | | `-- touch@0.0.3
61 silly idealTree | |   `-- nopt@1.0.10
61 silly idealTree | +-- destroy@1.0.3
61 silly idealTree | +-- fs-write-stream-atomic@1.0.7
61 silly idealTree | | +-- graceful-fs@4.1.2
61 silly idealTree | | +-- iferr@0.1.5
61 silly idealTree | | +-- imurmurhash@0.1.4
61 silly idealTree | | `-- readable-stream@2.0.4
61 silly idealTree | |   +-- core-util-is@1.0.2
61 silly idealTree | |   +-- inherits@2.0.1
61 silly idealTree | |   +-- isarray@0.0.1
61 silly idealTree | |   +-- process-nextick-args@1.0.6
61 silly idealTree | |   +-- string_decoder@0.10.31
61 silly idealTree | |   `-- util-deprecate@1.0.2
61 silly idealTree | +-- fstream-ignore@1.0.3
61 silly idealTree | | +-- inherits@2.0.1
61 silly idealTree | | `-- minimatch@3.0.0
61 silly idealTree | |   `-- brace-expansion@1.1.2
61 silly idealTree | |     +-- balanced-match@0.3.0
61 silly idealTree | |     `-- concat-map@0.0.1
61 silly idealTree | +-- fstream@1.0.8
61 silly idealTree | | +-- graceful-fs@4.1.2
61 silly idealTree | | `-- inherits@2.0.1
61 silly idealTree | +-- github@0.2.4
61 silly idealTree | | `-- mime@1.3.4
61 silly idealTree | +-- glob@4.5.3
61 silly idealTree | | +-- inflight@1.0.4
61 silly idealTree | | | `-- wrappy@1.0.1
61 silly idealTree | | +-- inherits@2.0.1
61 silly idealTree | | +-- minimatch@2.0.10
61 silly idealTree | | | `-- brace-expansion@1.1.2
61 silly idealTree | | |   +-- balanced-match@0.3.0
61 silly idealTree | | |   `-- concat-map@0.0.1
61 silly idealTree | | `-- once@1.3.3
61 silly idealTree | |   `-- wrappy@1.0.1
61 silly idealTree | +-- graceful-fs@3.0.8
61 silly idealTree | +-- handlebars@2.0.0
61 silly idealTree | | +-- optimist@0.3.7
61 silly idealTree | | | `-- wordwrap@0.0.3
61 silly idealTree | | `-- uglify-js@2.3.6
61 silly idealTree | |   +-- async@0.2.10
61 silly idealTree | |   `-- source-map@0.1.43
61 silly idealTree | |     `-- amdefine@1.0.0
61 silly idealTree | +-- inquirer@0.10.0
61 silly idealTree | | +-- ansi-escapes@1.1.0
61 silly idealTree | | +-- ansi-regex@2.0.0
61 silly idealTree | | +-- cli-cursor@1.0.2
61 silly idealTree | | | `-- restore-cursor@1.0.1
61 silly idealTree | | |   +-- exit-hook@1.1.1
61 silly idealTree | | |   `-- onetime@1.0.0
61 silly idealTree | | +-- cli-width@1.1.0
61 silly idealTree | | +-- figures@1.4.0
61 silly idealTree | | +-- lodash@3.10.1
61 silly idealTree | | +-- readline2@1.0.1
61 silly idealTree | | | +-- code-point-at@1.0.0
61 silly idealTree | | | | `-- number-is-nan@1.0.0
61 silly idealTree | | | +-- is-fullwidth-code-point@1.0.0
61 silly idealTree | | | | `-- number-is-nan@1.0.0
61 silly idealTree | | | `-- mute-stream@0.0.5
61 silly idealTree | | +-- run-async@0.1.0
61 silly idealTree | | | `-- once@1.3.3
61 silly idealTree | | |   `-- wrappy@1.0.1
61 silly idealTree | | +-- rx-lite@3.1.2
61 silly idealTree | | +-- strip-ansi@3.0.0
61 silly idealTree | | `-- through@2.3.8
61 silly idealTree | +-- insight@0.7.0
61 silly idealTree | | +-- async@1.5.0
61 silly idealTree | | +-- configstore@1.4.0
61 silly idealTree | | | +-- graceful-fs@4.1.2
61 silly idealTree | | | +-- os-tmpdir@1.0.1
61 silly idealTree | | | +-- osenv@0.1.3
61 silly idealTree | | | | `-- os-homedir@1.0.1
61 silly idealTree | | | +-- uuid@2.0.1
61 silly idealTree | | | +-- write-file-atomic@1.1.4
61 silly idealTree | | | | +-- imurmurhash@0.1.4
61 silly idealTree | | | | `-- slide@1.1.6
61 silly idealTree | | | `-- xdg-basedir@2.0.0
61 silly idealTree | | |   `-- os-homedir@1.0.1
61 silly idealTree | | +-- lodash.debounce@3.1.1
61 silly idealTree | | | `-- lodash._getnative@3.9.1
61 silly idealTree | | +-- object-assign@4.0.1
61 silly idealTree | | +-- os-name@1.0.3
61 silly idealTree | | | +-- osx-release@1.1.0
61 silly idealTree | | | | `-- minimist@1.2.0
61 silly idealTree | | | `-- win-release@1.1.1
61 silly idealTree | | |   `-- semver@5.1.0
61 silly idealTree | | `-- tough-cookie@2.2.1
61 silly idealTree | +-- is-root@1.0.0
61 silly idealTree | +-- junk@1.0.2
61 silly idealTree | +-- lockfile@1.0.1
61 silly idealTree | +-- lru-cache@2.7.3
61 silly idealTree | +-- md5-hex@1.1.0
61 silly idealTree | | `-- md5-o-matic@0.1.1
61 silly idealTree | +-- mkdirp@0.5.0
61 silly idealTree | | `-- minimist@0.0.8
61 silly idealTree | +-- mout@0.11.1
61 silly idealTree | +-- nopt@3.0.6
61 silly idealTree | +-- opn@1.0.2
61 silly idealTree | +-- p-throttler@0.1.1
61 silly idealTree | | `-- q@0.9.7
61 silly idealTree | +-- promptly@0.2.0
61 silly idealTree | | `-- read@1.0.7
61 silly idealTree | |   `-- mute-stream@0.0.5
61 silly idealTree | +-- q@1.4.1
61 silly idealTree | +-- request-progress@0.3.1
61 silly idealTree | | `-- throttleit@0.0.2
61 silly idealTree | +-- request@2.53.0
61 silly idealTree | | +-- aws-sign2@0.5.0
61 silly idealTree | | +-- bl@0.9.4
61 silly idealTree | | | `-- readable-stream@1.0.33
61 silly idealTree | | |   +-- core-util-is@1.0.2
61 silly idealTree | | |   +-- inherits@2.0.1
61 silly idealTree | | |   +-- isarray@0.0.1
61 silly idealTree | | |   `-- string_decoder@0.10.31
61 silly idealTree | | +-- caseless@0.9.0
61 silly idealTree | | +-- combined-stream@0.0.7
61 silly idealTree | | | `-- delayed-stream@0.0.5
61 silly idealTree | | +-- forever-agent@0.5.2
61 silly idealTree | | +-- form-data@0.2.0
61 silly idealTree | | | `-- async@0.9.2
61 silly idealTree | | +-- hawk@2.3.1
61 silly idealTree | | | +-- boom@2.10.1
61 silly idealTree | | | +-- cryptiles@2.0.5
61 silly idealTree | | | +-- hoek@2.16.3
61 silly idealTree | | | `-- sntp@1.0.9
61 silly idealTree | | +-- http-signature@0.10.1
61 silly idealTree | | | +-- asn1@0.1.11
61 silly idealTree | | | +-- assert-plus@0.1.5
61 silly idealTree | | | `-- ctype@0.5.3
61 silly idealTree | | +-- isstream@0.1.2
61 silly idealTree | | +-- json-stringify-safe@5.0.1
61 silly idealTree | | +-- mime-types@2.0.14
61 silly idealTree | | | `-- mime-db@1.12.0
61 silly idealTree | | +-- node-uuid@1.4.7
61 silly idealTree | | +-- oauth-sign@0.6.0
61 silly idealTree | | +-- qs@2.3.3
61 silly idealTree | | +-- stringstream@0.0.5
61 silly idealTree | | +-- tough-cookie@2.2.1
61 silly idealTree | | `-- tunnel-agent@0.4.2
61 silly idealTree | +-- retry@0.6.1
61 silly idealTree | +-- rimraf@2.4.4
61 silly idealTree | | `-- glob@5.0.15
61 silly idealTree | |   +-- inflight@1.0.4
61 silly idealTree | |   | `-- wrappy@1.0.1
61 silly idealTree | |   +-- inherits@2.0.1
61 silly idealTree | |   +-- minimatch@3.0.0
61 silly idealTree | |   | `-- brace-expansion@1.1.2
61 silly idealTree | |   |   +-- balanced-match@0.3.0
61 silly idealTree | |   |   `-- concat-map@0.0.1
61 silly idealTree | |   +-- once@1.3.3
61 silly idealTree | |   | `-- wrappy@1.0.1
61 silly idealTree | |   `-- path-is-absolute@1.0.0
61 silly idealTree | +-- semver-utils@1.1.1
61 silly idealTree | +-- semver@2.3.2
61 silly idealTree | +-- shell-quote@1.4.3
61 silly idealTree | | +-- array-filter@0.0.1
61 silly idealTree | | +-- array-map@0.0.0
61 silly idealTree | | +-- array-reduce@0.0.0
61 silly idealTree | | `-- jsonify@0.0.0
61 silly idealTree | +-- stringify-object@1.0.1
61 silly idealTree | +-- tar-fs@1.8.1
61 silly idealTree | | +-- pump@1.0.1
61 silly idealTree | | | +-- end-of-stream@1.1.0
61 silly idealTree | | | `-- once@1.3.3
61 silly idealTree | | |   `-- wrappy@1.0.1
61 silly idealTree | | `-- tar-stream@1.3.1
61 silly idealTree | |   +-- bl@1.0.0
61 silly idealTree | |   +-- end-of-stream@1.1.0
61 silly idealTree | |   | `-- once@1.3.3
61 silly idealTree | |   |   `-- wrappy@1.0.1
61 silly idealTree | |   +-- readable-stream@2.0.4
61 silly idealTree | |   | +-- core-util-is@1.0.2
61 silly idealTree | |   | +-- inherits@2.0.1
61 silly idealTree | |   | +-- isarray@0.0.1
61 silly idealTree | |   | +-- process-nextick-args@1.0.6
61 silly idealTree | |   | +-- string_decoder@0.10.31
61 silly idealTree | |   | `-- util-deprecate@1.0.2
61 silly idealTree | |   `-- xtend@4.0.1
61 silly idealTree | +-- tmp@0.0.24
61 silly idealTree | +-- update-notifier@0.6.0
61 silly idealTree | | +-- configstore@1.4.0
61 silly idealTree | | | +-- graceful-fs@4.1.2
61 silly idealTree | | | +-- object-assign@4.0.1
61 silly idealTree | | | +-- os-tmpdir@1.0.1
61 silly idealTree | | | +-- osenv@0.1.3
61 silly idealTree | | | | `-- os-homedir@1.0.1
61 silly idealTree | | | +-- uuid@2.0.1
61 silly idealTree | | | +-- write-file-atomic@1.1.4
61 silly idealTree | | | | +-- imurmurhash@0.1.4
61 silly idealTree | | | | `-- slide@1.1.6
61 silly idealTree | | | `-- xdg-basedir@2.0.0
61 silly idealTree | | |   `-- os-homedir@1.0.1
61 silly idealTree | | +-- is-npm@1.0.0
61 silly idealTree | | +-- latest-version@2.0.0
61 silly idealTree | | | `-- package-json@2.3.0
61 silly idealTree | | |   +-- got@5.2.0
61 silly idealTree | | |   | +-- create-error-class@2.0.1
61 silly idealTree | | |   | | +-- capture-stack-trace@1.0.0
61 silly idealTree | | |   | | `-- inherits@2.0.1
61 silly idealTree | | |   | +-- duplexify@3.4.2
61 silly idealTree | | |   | | +-- end-of-stream@1.0.0
61 silly idealTree | | |   | | | `-- once@1.3.3
61 silly idealTree | | |   | | |   `-- wrappy@1.0.1
61 silly idealTree | | |   | | `-- readable-stream@2.0.4
61 silly idealTree | | |   | |   +-- core-util-is@1.0.2
61 silly idealTree | | |   | |   +-- inherits@2.0.1
61 silly idealTree | | |   | |   +-- isarray@0.0.1
61 silly idealTree | | |   | |   +-- process-nextick-args@1.0.6
61 silly idealTree | | |   | |   +-- string_decoder@0.10.31
61 silly idealTree | | |   | |   `-- util-deprecate@1.0.2
61 silly idealTree | | |   | +-- is-plain-obj@1.1.0
61 silly idealTree | | |   | +-- is-redirect@1.0.0
61 silly idealTree | | |   | +-- is-stream@1.0.1
61 silly idealTree | | |   | +-- lowercase-keys@1.0.0
61 silly idealTree | | |   | +-- node-status-codes@1.0.0
61 silly idealTree | | |   | +-- object-assign@4.0.1
61 silly idealTree | | |   | +-- parse-json@2.2.0
61 silly idealTree | | |   | | `-- error-ex@1.3.0
61 silly idealTree | | |   | |   `-- is-arrayish@0.2.1
61 silly idealTree | | |   | +-- pinkie-promise@2.0.0
61 silly idealTree | | |   | | `-- pinkie@2.0.1
61 silly idealTree | | |   | +-- read-all-stream@3.0.1
61 silly idealTree | | |   | | +-- pinkie-promise@1.0.0
61 silly idealTree | | |   | | | `-- pinkie@1.0.0
61 silly idealTree | | |   | | `-- readable-stream@2.0.4
61 silly idealTree | | |   | |   +-- core-util-is@1.0.2
61 silly idealTree | | |   | |   +-- inherits@2.0.1
61 silly idealTree | | |   | |   +-- isarray@0.0.1
61 silly idealTree | | |   | |   +-- process-nextick-args@1.0.6
61 silly idealTree | | |   | |   +-- string_decoder@0.10.31
61 silly idealTree | | |   | |   `-- util-deprecate@1.0.2
61 silly idealTree | | |   | +-- timed-out@2.0.0
61 silly idealTree | | |   | +-- unzip-response@1.0.0
61 silly idealTree | | |   | `-- url-parse-lax@1.0.0
61 silly idealTree | | |   |   `-- prepend-http@1.0.3
61 silly idealTree | | |   +-- rc@1.1.5
61 silly idealTree | | |   | +-- deep-extend@0.4.0
61 silly idealTree | | |   | +-- ini@1.3.4
61 silly idealTree | | |   | +-- minimist@1.2.0
61 silly idealTree | | |   | `-- strip-json-comments@1.0.4
61 silly idealTree | | |   +-- registry-url@3.0.3
61 silly idealTree | | |   `-- semver@5.1.0
61 silly idealTree | | +-- repeating@2.0.0
61 silly idealTree | | | `-- is-finite@1.0.1
61 silly idealTree | | |   `-- number-is-nan@1.0.0
61 silly idealTree | | +-- semver-diff@2.1.0
61 silly idealTree | | | `-- semver@5.1.0
61 silly idealTree | | `-- string-length@1.0.1
61 silly idealTree | |   `-- strip-ansi@3.0.0
61 silly idealTree | |     `-- ansi-regex@2.0.0
61 silly idealTree | +-- user-home@1.1.1
61 silly idealTree | `-- which@1.2.0
61 silly idealTree |   `-- is-absolute@0.1.7
61 silly idealTree |     `-- is-relative@0.1.3
61 silly idealTree +-- camelcase@1.2.1
61 silly idealTree +-- cliui@3.1.0
61 silly idealTree +-- code-point-at@1.0.0
61 silly idealTree +-- decamelize@1.1.2
61 silly idealTree | `-- escape-string-regexp@1.0.4
61 silly idealTree +-- express@4.13.3
61 silly idealTree | +-- accepts@1.2.13
61 silly idealTree | | +-- mime-types@2.1.8
61 silly idealTree | | | `-- mime-db@1.20.0
61 silly idealTree | | `-- negotiator@0.5.3
61 silly idealTree | +-- array-flatten@1.1.1
61 silly idealTree | +-- content-disposition@0.5.0
61 silly idealTree | +-- content-type@1.0.1
61 silly idealTree | +-- cookie-signature@1.0.6
61 silly idealTree | +-- cookie@0.1.3
61 silly idealTree | +-- debug@2.2.0
61 silly idealTree | | `-- ms@0.7.1
61 silly idealTree | +-- depd@1.0.1
61 silly idealTree | +-- escape-html@1.0.2
61 silly idealTree | +-- etag@1.7.0
61 silly idealTree | +-- finalhandler@0.4.0
61 silly idealTree | | `-- unpipe@1.0.0
61 silly idealTree | +-- fresh@0.3.0
61 silly idealTree | +-- merge-descriptors@1.0.0
61 silly idealTree | +-- methods@1.1.1
61 silly idealTree | +-- on-finished@2.3.0
61 silly idealTree | | `-- ee-first@1.1.1
61 silly idealTree | +-- parseurl@1.3.0
61 silly idealTree | +-- path-to-regexp@0.1.7
61 silly idealTree | +-- proxy-addr@1.0.10
61 silly idealTree | | +-- forwarded@0.1.0
61 silly idealTree | | `-- ipaddr.js@1.0.5
61 silly idealTree | +-- qs@4.0.0
61 silly idealTree | +-- range-parser@1.0.3
61 silly idealTree | +-- send@0.13.0
61 silly idealTree | | +-- destroy@1.0.3
61 silly idealTree | | +-- http-errors@1.3.1
61 silly idealTree | | +-- mime@1.3.4
61 silly idealTree | | +-- ms@0.7.1
61 silly idealTree | | `-- statuses@1.2.1
61 silly idealTree | +-- serve-static@1.10.0
61 silly idealTree | +-- type-is@1.6.10
61 silly idealTree | | +-- media-typer@0.3.0
61 silly idealTree | | `-- mime-types@2.1.8
61 silly idealTree | |   `-- mime-db@1.20.0
61 silly idealTree | +-- utils-merge@1.0.0
61 silly idealTree | `-- vary@1.0.1
61 silly idealTree +-- inherits@2.0.1
61 silly idealTree +-- ini@1.3.4
61 silly idealTree +-- invert-kv@1.0.0
61 silly idealTree +-- is-fullwidth-code-point@1.0.0
61 silly idealTree +-- lcid@1.0.0
61 silly idealTree +-- lodash@3.10.1
61 silly idealTree +-- nconf@0.8.2
61 silly idealTree +-- number-is-nan@1.0.0
61 silly idealTree +-- os-locale@1.4.0
61 silly idealTree +-- path@0.12.7
61 silly idealTree +-- process@0.11.2
61 silly idealTree +-- serve-favicon@2.3.0
61 silly idealTree | +-- etag@1.7.0
61 silly idealTree | +-- fresh@0.3.0
61 silly idealTree | +-- ms@0.7.1
61 silly idealTree | `-- parseurl@1.3.0
61 silly idealTree +-- string-width@1.0.1
61 silly idealTree +-- strip-ansi@3.0.0
61 silly idealTree | `-- ansi-regex@2.0.0
61 silly idealTree +-- util@0.10.3
61 silly idealTree +-- window-size@0.1.4
61 silly idealTree +-- wrap-ansi@1.0.0
61 silly idealTree +-- y18n@3.2.0
61 silly idealTree `-- yargs@3.31.0
61 silly idealTree   `-- camelcase@2.0.1
62 silly generateActionsToTake Starting
63 silly install generateActionsToTake
64 silly generateActionsToTake Finishing
65 silly diffTrees action count 1
66 silly diffTrees update process-nextick-args@1.0.6
67 silly decomposeActions action count 8
68 silly decomposeActions fetch process-nextick-args@1.0.6
69 silly decomposeActions extract process-nextick-args@1.0.6
70 silly decomposeActions test process-nextick-args@1.0.6
71 silly decomposeActions preinstall process-nextick-args@1.0.6
72 silly decomposeActions build process-nextick-args@1.0.6
73 silly decomposeActions install process-nextick-args@1.0.6
74 silly decomposeActions postinstall process-nextick-args@1.0.6
75 silly decomposeActions finalize process-nextick-args@1.0.6
76 silly executeActions Starting
77 silly install executeActions
78 silly doSerial global-install 0
79 silly doParallel fetch 1
80 verbose correctMkdir C:\Users\maxence\AppData\Roaming\npm-cache\_locks correctMkdir not in flight; initializing
81 verbose lock using C:\Users\maxence\AppData\Roaming\npm-cache\_locks\staging-0cf583ad0aea0bb4.lock for C:\homei\Shareabike\Appclient\node_modules\.staging
82 silly doParallel extract 1
83 silly extract process-nextick-args@1.0.6
84 verbose unbuild node_modules\.staging\process-nextick-args-85e3627f
85 silly gentlyRm C:\homei\Shareabike\Appclient\node_modules\.staging\process-nextick-args-85e3627f is being purged from base C:\homei\Shareabike\Appclient
86 verbose gentlyRm don't care about contents; nuking C:\homei\Shareabike\Appclient\node_modules\.staging\process-nextick-args-85e3627f
87 verbose tar unpack C:\Users\maxence\AppData\Roaming\npm-cache\process-nextick-args\1.0.6\package.tgz
88 verbose tar unpacking to C:\homei\Shareabike\Appclient\node_modules\.staging\process-nextick-args-85e3627f
89 silly gentlyRm C:\homei\Shareabike\Appclient\node_modules\.staging\process-nextick-args-85e3627f is being purged
90 verbose gentlyRm don't care about contents; nuking C:\homei\Shareabike\Appclient\node_modules\.staging\process-nextick-args-85e3627f
91 silly gunzTarPerm modes [ '777', '666' ]
92 silly gunzTarPerm extractEntry package.json
93 silly gunzTarPerm modified mode [ 'package.json', 420, 438 ]
94 silly gunzTarPerm extractEntry index.js
95 silly gunzTarPerm modified mode [ 'index.js', 420, 438 ]
96 silly gunzTarPerm extractEntry test.js
97 silly gunzTarPerm modified mode [ 'test.js', 420, 438 ]
98 silly gunzTarPerm extractEntry .travis.yml
99 silly gunzTarPerm modified mode [ '.travis.yml', 420, 438 ]
100 silly gunzTarPerm extractEntry license.md
101 silly gunzTarPerm modified mode [ 'license.md', 420, 438 ]
102 silly gunzTarPerm extractEntry readme.md
103 silly gunzTarPerm modified mode [ 'readme.md', 420, 438 ]
104 silly gentlyRm C:\homei\Shareabike\Appclient\node_modules\.staging\process-nextick-args-85e3627f\node_modules is being purged
105 verbose gentlyRm don't care about contents; nuking C:\homei\Shareabike\Appclient\node_modules\.staging\process-nextick-args-85e3627f\node_modules
106 silly doParallel preinstall 1
107 silly preinstall process-nextick-args@1.0.6 C:\homei\Shareabike\Appclient\node_modules\.staging\process-nextick-args-85e3627f
108 info lifecycle process-nextick-args@1.0.6~preinstall: process-nextick-args@1.0.6
109 silly lifecycle process-nextick-args@1.0.6~preinstall: no script for preinstall, continuing
110 silly doReverseSerial remove 0
111 silly doSerial move 0
112 silly doSerial finalize 1
113 silly finalize C:\homei\Shareabike\Appclient\node_modules\bower\node_modules\update-notifier\node_modules\latest-version\node_modules\package-json\node_modules\got\node_modules\read-all-stream\node_modules\readable-stream\node_modules\process-nextick-args
114 silly doSerial build 1
115 silly build process-nextick-args@1.0.6
116 info linkStuff process-nextick-args@1.0.6
117 silly linkStuff process-nextick-args@1.0.6 has C:\homei\Shareabike\Appclient\node_modules\bower\node_modules\update-notifier\node_modules\latest-version\node_modules\package-json\node_modules\got\node_modules\read-all-stream\node_modules\readable-stream\node_modules as its parent node_modules
118 verbose linkBins process-nextick-args@1.0.6
119 verbose linkMans process-nextick-args@1.0.6
120 silly doSerial global-link 0
121 silly doParallel update-linked 0
122 silly doSerial install 1
123 silly install process-nextick-args@1.0.6 C:\homei\Shareabike\Appclient\node_modules\.staging\process-nextick-args-85e3627f
124 info lifecycle process-nextick-args@1.0.6~install: process-nextick-args@1.0.6
125 silly lifecycle process-nextick-args@1.0.6~install: no script for install, continuing
126 silly doSerial postinstall 1
127 silly postinstall process-nextick-args@1.0.6 C:\homei\Shareabike\Appclient\node_modules\.staging\process-nextick-args-85e3627f
128 info lifecycle process-nextick-args@1.0.6~postinstall: process-nextick-args@1.0.6
129 silly lifecycle process-nextick-args@1.0.6~postinstall: no script for postinstall, continuing
130 verbose unlock done using C:\Users\maxence\AppData\Roaming\npm-cache\_locks\staging-0cf583ad0aea0bb4.lock for C:\homei\Shareabike\Appclient\node_modules\.staging
131 silly executeActions Finishing
132 silly rollbackFailedOptional Starting
133 silly rollbackFailedOptional Finishing
134 silly runTopLevelLifecycles Starting
135 silly install runTopLevelLifecycles
136 silly preinstall appclient_ShareAbike@0.5.8 C:\homei\Shareabike\Appclient\appclient_ShareAbike-8fc27882
137 info lifecycle appclient_ShareAbike@0.5.8~preinstall: appclient_ShareAbike@0.5.8
138 silly lifecycle appclient_ShareAbike@0.5.8~preinstall: no script for preinstall, continuing
139 silly build appclient_ShareAbike@0.5.8
140 info linkStuff appclient_ShareAbike@0.5.8
141 silly linkStuff appclient_ShareAbike@0.5.8 has C:\homei\Shareabike as its parent node_modules
142 verbose linkBins appclient_ShareAbike@0.5.8
143 verbose linkMans appclient_ShareAbike@0.5.8
144 silly install appclient_ShareAbike@0.5.8 C:\homei\Shareabike\Appclient\appclient_ShareAbike-8fc27882
145 info lifecycle appclient_ShareAbike@0.5.8~install: appclient_ShareAbike@0.5.8
146 silly lifecycle appclient_ShareAbike@0.5.8~install: no script for install, continuing
147 silly postinstall appclient_ShareAbike@0.5.8 C:\homei\Shareabike\Appclient\appclient_ShareAbike-8fc27882
148 info lifecycle appclient_ShareAbike@0.5.8~postinstall: appclient_ShareAbike@0.5.8
149 verbose lifecycle appclient_ShareAbike@0.5.8~postinstall: unsafe-perm in lifecycle true
150 verbose lifecycle appclient_ShareAbike@0.5.8~postinstall: PATH: C:\Users\maxence\AppData\Roaming\npm\node_modules\npm\bin\node-gyp-bin;C:\homei\Shareabike\Appclient\node_modules\.bin;C:\Program Files (x86)\nodejs;C:\Users\maxence\AppData\Roaming\npm;C:\Program Files (x86)\nodejs\;C:\Program Files\PostgreSQL\9.5;C:\Program Files (x86)\Intel\iCLS Client\;C:\Program Files\Intel\iCLS Client\;C:\WINDOWS\system32;C:\WINDOWS;C:\WINDOWS\System32\Wbem;C:\WINDOWS\System32\WindowsPowerShell\v1.0\;C:\Program Files (x86)\Intel\OpenCL SDK\3.0\bin\x86;C:\Program Files (x86)\Intel\OpenCL SDK\3.0\bin\x64;C:\Program Files\Intel\Intel(R) Management Engine Components\DAL;C:\Program Files\Intel\Intel(R) Management Engine Components\IPT;C:\Program Files (x86)\Intel\Intel(R) Management Engine Components\DAL;C:\Program Files (x86)\Intel\Intel(R) Management Engine Components\IPT;C:\Program Files\Java\jdk1.8.0_20\bin;C:\Program Files (x86)\Microchip\MPLAB C32 Suite\bin;C:\Program Files (x86)\NVIDIA Corporation\PhysX\Common;C:\Program Files (x86)\git\cmd;C:\ProgramData\ComposerSetup\bin;C:\Program Files (x86)\Skype\Phone\;C:\WINDOWS\system32;C:\WINDOWS;C:\WINDOWS\System32\Wbem;C:\WINDOWS\System32\WindowsPowerShell\v1.0\;C:\Program Files (x86)\nodejs\;C:\Users\maxence\AppData\Local\Android\sdk\tools;C:\Users\maxence\AppData\Local\Android\sdk\platform-tools;C:\Program Files (x86)\Java\jdk1.8.0_45;C:\WINDOWS\system32\config\systemprofile\.dnx\bin;C:\Program Files\Microsoft DNX\Dnvm\;C:\Program Files (x86)\Windows Kits\10\Windows Performance Toolkit\;C:\wamp64\bin\php\php5.6.16;C:\Program Files (x86)\Git\cmd;C:\Program Files\MySQL\MySQL Server 5.7\bin;C:\Users\maxence\AppData\Roaming\Composer\vendor\bin;C:\Users\maxence\AppData\Roaming\npm;C:\Program Files (x86)\Java\jdk1.8.0_45;C:\Users\maxence\AppData\Local\Android\sdk\platform-tools;C:\Program Files\PostgreSQL\9.5\bin;C:\wamp64\bin\php\php5.6.16
151 verbose lifecycle appclient_ShareAbike@0.5.8~postinstall: CWD: C:\homei\Shareabike\Appclient
152 silly lifecycle appclient_ShareAbike@0.5.8~postinstall: Args: [ '/d /s /c', 'node node_modules/bower/bin/bower install' ]
153 silly lifecycle appclient_ShareAbike@0.5.8~postinstall: Returned: code: 1  signal: null
154 info lifecycle appclient_ShareAbike@0.5.8~postinstall: Failed to exec postinstall script
155 warn appclient_ShareAbike@0.5.8 No description
156 warn appclient_ShareAbike@0.5.8 No repository field.
157 warn appclient_ShareAbike@0.5.8 No license field.
158 verbose stack Error: appclient_ShareAbike@0.5.8 postinstall: `node node_modules/bower/bin/bower install`
158 verbose stack Exit status 1
158 verbose stack     at EventEmitter.<anonymous> (C:\Users\maxence\AppData\Roaming\npm\node_modules\npm\lib\utils\lifecycle.js:239:16)
158 verbose stack     at emitTwo (events.js:87:13)
158 verbose stack     at EventEmitter.emit (events.js:172:7)
158 verbose stack     at ChildProcess.<anonymous> (C:\Users\maxence\AppData\Roaming\npm\node_modules\npm\lib\utils\spawn.js:24:14)
158 verbose stack     at emitTwo (events.js:87:13)
158 verbose stack     at ChildProcess.emit (events.js:172:7)
158 verbose stack     at maybeClose (internal/child_process.js:821:16)
158 verbose stack     at Process.ChildProcess._handle.onexit (internal/child_process.js:211:5)
159 verbose pkgid appclient_ShareAbike@0.5.8
160 verbose cwd C:\homei\Shareabike\Appclient
161 error Windows_NT 10.0.10586
162 error argv "C:\\Program Files (x86)\\nodejs\\node.exe" "C:\\Users\\maxence\\AppData\\Roaming\\npm\\node_modules\\npm\\bin\\npm-cli.js" "install"
163 error node v4.2.6
164 error npm  v3.7.1
165 error code ELIFECYCLE
166 error appclient_ShareAbike@0.5.8 postinstall: `node node_modules/bower/bin/bower install`
166 error Exit status 1
167 error Failed at the appclient_ShareAbike@0.5.8 postinstall script 'node node_modules/bower/bin/bower install'.
167 error Make sure you have the latest version of node.js and npm installed.
167 error If you do, this is most likely a problem with the appclient_ShareAbike package,
167 error not with npm itself.
167 error Tell the author that this fails on your system:
167 error     node node_modules/bower/bin/bower install
167 error You can get information on how to open an issue for this project with:
167 error     npm bugs appclient_ShareAbike
167 error Or if that isn't available, you can get their info via:
167 error     npm owner ls appclient_ShareAbike
167 error There is likely additional logging output above.
168 verbose exit [ 1, true ]
